client/android/app/build/intermediates/manifest_merge_blame_file/debug/manifest-merger-blame-debug-report.txt
1<?xml version="1.0" encoding="utf-8"?>
2<manifest xmlns:android="http://schemas.android.com/apk/res/android"
3    package="com.exchange"
4    android:versionCode="1"
5    android:versionName="1.0" >
6
7    <uses-sdk
8        android:minSdkVersion="23"
9        android:targetSdkVersion="31" />
10
11    <uses-permission android:name="android.permission.SYSTEM_ALERT_WINDOW" />
11-->src/debug/AndroidManifest.xml:5:5-77
11-->src/debug/AndroidManifest.xml:5:22-75
12    <uses-permission android:name="android.permission.INTERNET" />
12-->src/main/AndroidManifest.xml:5:5-67
12-->src/main/AndroidManifest.xml:5:22-64
13    <uses-permission android:name="android.permission.ACCESS_WIFI_STATE" />
13-->[com.facebook.flipper:flipper:0.125.0] AndroidManifest.xml:16:5-76
13-->[com.facebook.flipper:flipper:0.125.0] AndroidManifest.xml:16:22-73
14
15    <queries>
15-->[com.kakao.sdk:v2-common:2.20.1] AndroidManifest.xml:9:5-22:15
16        <package android:name="com.kakao.talk" />
16-->[com.kakao.sdk:v2-common:2.20.1] AndroidManifest.xml:10:9-50
16-->[com.kakao.sdk:v2-common:2.20.1] AndroidManifest.xml:10:18-47
17        <package android:name="com.kakao.talk.alpha" />
17-->[com.kakao.sdk:v2-common:2.20.1] AndroidManifest.xml:11:9-56
17-->[com.kakao.sdk:v2-common:2.20.1] AndroidManifest.xml:11:18-53
18        <package android:name="com.kakao.talk.sandbox" />
18-->[com.kakao.sdk:v2-common:2.20.1] AndroidManifest.xml:12:9-58
18-->[com.kakao.sdk:v2-common:2.20.1] AndroidManifest.xml:12:18-55
19        <package android:name="com.kakao.onetalk" />
19-->[com.kakao.sdk:v2-common:2.20.1] AndroidManifest.xml:13:9-53
19-->[com.kakao.sdk:v2-common:2.20.1] AndroidManifest.xml:13:18-50
20
21        <intent>
21-->[com.kakao.sdk:v2-common:2.20.1] AndroidManifest.xml:15:9-21:18
22            <action android:name="android.intent.action.VIEW" />
22-->[:react-native-seoul_kakao-login] AndroidManifest.xml:25:17-69
22-->[:react-native-seoul_kakao-login] AndroidManifest.xml:25:25-66
23
24            <category android:name="android.intent.category.BROWSABLE" />
24-->[:react-native-seoul_kakao-login] AndroidManifest.xml:28:17-78
24-->[:react-native-seoul_kakao-login] AndroidManifest.xml:28:27-75
25
26            <data android:scheme="https" />
26-->[:react-native-seoul_kakao-login] AndroidManifest.xml:30:17-32:78
26-->[:react-native-seoul_kakao-login] AndroidManifest.xml:32:21-75
27        </intent>
28    </queries>
29
30    <application
30-->src/main/AndroidManifest.xml:7:5-28:19
31        android:name="com.exchange.MainApplication"
31-->src/main/AndroidManifest.xml:8:7-38
32        android:allowBackup="false"
32-->src/main/AndroidManifest.xml:12:7-34
33        android:appComponentFactory="androidx.core.app.CoreComponentFactory"
33-->[androidx.core:core:1.7.0] AndroidManifest.xml:24:18-86
34        android:debuggable="true"
35        android:extractNativeLibs="false"
36        android:icon="@mipmap/ic_launcher"
36-->src/main/AndroidManifest.xml:10:7-41
37        android:label="@string/app_name"
37-->src/main/AndroidManifest.xml:9:7-39
38        android:roundIcon="@mipmap/ic_launcher_round"
38-->src/main/AndroidManifest.xml:11:7-52
39        android:supportsRtl="true"
39-->[:react-native-seoul_kakao-login] AndroidManifest.xml:16:9-35
40        android:theme="@style/AppTheme"
40-->src/main/AndroidManifest.xml:13:7-38
41        android:usesCleartextTraffic="true" >
41-->src/debug/AndroidManifest.xml:8:9-44
42        <activity
42-->src/debug/AndroidManifest.xml:11:9-111
43            android:name="com.facebook.react.devsupport.DevSettingsActivity"
43-->src/debug/AndroidManifest.xml:11:19-83
44            android:exported="false" />
44-->src/debug/AndroidManifest.xml:11:84-108
45        <activity
45-->src/main/AndroidManifest.xml:16:7-27:18
46            android:name="com.exchange.MainActivity"
46-->src/main/AndroidManifest.xml:17:9-37
47            android:configChanges="keyboard|keyboardHidden|orientation|screenLayout|screenSize|smallestScreenSize|uiMode"
47-->src/main/AndroidManifest.xml:19:9-118
48            android:exported="true"
48-->src/main/AndroidManifest.xml:22:9-32
49            android:label="@string/app_name"
49-->src/main/AndroidManifest.xml:18:9-41
50            android:launchMode="singleTask"
50-->src/main/AndroidManifest.xml:20:9-40
51            android:windowSoftInputMode="adjustResize" >
51-->src/main/AndroidManifest.xml:21:9-51
52            <intent-filter>
52-->src/main/AndroidManifest.xml:23:9-26:25
53                <action android:name="android.intent.action.MAIN" />
53-->src/main/AndroidManifest.xml:24:13-65
53-->src/main/AndroidManifest.xml:24:21-62
54
55                <category android:name="android.intent.category.LAUNCHER" />
55-->src/main/AndroidManifest.xml:25:13-73
55-->src/main/AndroidManifest.xml:25:23-70
56            </intent-filter>
57        </activity> <!-- Other activities and components go here -->
58        <activity
58-->[:react-native-seoul_kakao-login] AndroidManifest.xml:21:9-34:20
59            android:name="com.kakao.sdk.auth.AuthCodeHandlerActivity"
59-->[:react-native-seoul_kakao-login] AndroidManifest.xml:22:13-70
60            android:exported="true"
60-->[:react-native-seoul_kakao-login] AndroidManifest.xml:23:13-36
61            android:launchMode="singleTask"
61-->[com.kakao.sdk:v2-auth:2.20.1] AndroidManifest.xml:18:13-44
62            android:theme="@style/TransparentCompat" >
62-->[com.kakao.sdk:v2-auth:2.20.1] AndroidManifest.xml:19:13-53
63            <intent-filter>
63-->[:react-native-seoul_kakao-login] AndroidManifest.xml:24:13-33:29
64                <action android:name="android.intent.action.VIEW" />
64-->[:react-native-seoul_kakao-login] AndroidManifest.xml:25:17-69
64-->[:react-native-seoul_kakao-login] AndroidManifest.xml:25:25-66
65
66                <category android:name="android.intent.category.DEFAULT" />
66-->[:react-native-seoul_kakao-login] AndroidManifest.xml:27:17-76
66-->[:react-native-seoul_kakao-login] AndroidManifest.xml:27:27-73
67                <category android:name="android.intent.category.BROWSABLE" />
67-->[:react-native-seoul_kakao-login] AndroidManifest.xml:28:17-78
67-->[:react-native-seoul_kakao-login] AndroidManifest.xml:28:27-75
68
69                <data
69-->[:react-native-seoul_kakao-login] AndroidManifest.xml:30:17-32:78
70                    android:host="oauth"
70-->[:react-native-seoul_kakao-login] AndroidManifest.xml:31:21-41
71                    android:scheme="kakao22830a6f292d2bc912f2f50aeeaec38b" />
71-->[:react-native-seoul_kakao-login] AndroidManifest.xml:32:21-75
72            </intent-filter>
73        </activity>
74        <activity
74-->[com.kakao.sdk:v2-talk:2.20.1] AndroidManifest.xml:10:9-13:56
75            android:name="com.kakao.sdk.talk.FollowChannelHandlerActivity"
75-->[com.kakao.sdk:v2-talk:2.20.1] AndroidManifest.xml:11:13-75
76            android:launchMode="singleTask"
76-->[com.kakao.sdk:v2-talk:2.20.1] AndroidManifest.xml:12:13-44
77            android:theme="@style/TransparentCompat" />
77-->[com.kakao.sdk:v2-talk:2.20.1] AndroidManifest.xml:13:13-53
78        <activity
78-->[com.kakao.sdk:v2-user:2.20.1] AndroidManifest.xml:10:9-13:56
79            android:name="com.kakao.sdk.user.ShippingAddressesHandlerActivity"
79-->[com.kakao.sdk:v2-user:2.20.1] AndroidManifest.xml:11:13-79
80            android:launchMode="singleTask"
80-->[com.kakao.sdk:v2-user:2.20.1] AndroidManifest.xml:12:13-44
81            android:theme="@style/TransparentCompat" />
81-->[com.kakao.sdk:v2-user:2.20.1] AndroidManifest.xml:13:13-53
82        <activity
82-->[com.kakao.sdk:v2-auth:2.20.1] AndroidManifest.xml:10:9-15:56
83            android:name="com.kakao.sdk.auth.TalkAuthCodeActivity"
83-->[com.kakao.sdk:v2-auth:2.20.1] AndroidManifest.xml:11:13-67
84            android:configChanges="orientation|screenSize|keyboardHidden"
84-->[com.kakao.sdk:v2-auth:2.20.1] AndroidManifest.xml:12:13-74
85            android:exported="false"
85-->[com.kakao.sdk:v2-auth:2.20.1] AndroidManifest.xml:13:13-37
86            android:launchMode="singleTask"
86-->[com.kakao.sdk:v2-auth:2.20.1] AndroidManifest.xml:14:13-44
87            android:theme="@style/TransparentCompat" />
87-->[com.kakao.sdk:v2-auth:2.20.1] AndroidManifest.xml:15:13-53
88        <activity
88-->[com.kakao.sdk:v2-auth:2.20.1] AndroidManifest.xml:20:9-23:56
89            android:name="com.kakao.sdk.auth.AppsHandlerActivity"
89-->[com.kakao.sdk:v2-auth:2.20.1] AndroidManifest.xml:21:13-66
90            android:launchMode="singleTask"
90-->[com.kakao.sdk:v2-auth:2.20.1] AndroidManifest.xml:22:13-44
91            android:theme="@style/TransparentCompat" />
91-->[com.kakao.sdk:v2-auth:2.20.1] AndroidManifest.xml:23:13-53
92
93        <provider
93-->[androidx.emoji2:emoji2:1.0.0] AndroidManifest.xml:26:9-34:20
94            android:name="androidx.startup.InitializationProvider"
94-->[androidx.emoji2:emoji2:1.0.0] AndroidManifest.xml:27:13-67
95            android:authorities="com.exchange.androidx-startup"
95-->[androidx.emoji2:emoji2:1.0.0] AndroidManifest.xml:28:13-68
96            android:exported="false" >
96-->[androidx.emoji2:emoji2:1.0.0] AndroidManifest.xml:29:13-37
97            <meta-data
97-->[androidx.emoji2:emoji2:1.0.0] AndroidManifest.xml:31:13-33:52
98                android:name="androidx.emoji2.text.EmojiCompatInitializer"
98-->[androidx.emoji2:emoji2:1.0.0] AndroidManifest.xml:32:17-75
99                android:value="androidx.startup" />
99-->[androidx.emoji2:emoji2:1.0.0] AndroidManifest.xml:33:17-49
100            <meta-data
100-->[androidx.lifecycle:lifecycle-process:2.4.0] AndroidManifest.xml:31:13-33:52
101                android:name="androidx.lifecycle.ProcessLifecycleInitializer"
101-->[androidx.lifecycle:lifecycle-process:2.4.0] AndroidManifest.xml:32:17-78
102                android:value="androidx.startup" />
102-->[androidx.lifecycle:lifecycle-process:2.4.0] AndroidManifest.xml:33:17-49
103        </provider>
104    </application>
105
106</manifest>